<?xml version="1.0" encoding="UTF-8"?>
<testng-results ignored="0" total="1" passed="1" failed="0" skipped="0">
  <reporter-output>
  </reporter-output>
  <suite started-at="2024-05-23T10:39:13 IST" name="Default suite" finished-at="2024-05-23T10:39:35 IST" duration-ms="21147">
    <groups>
    </groups>
    <test started-at="2024-05-23T10:39:13 IST" name="Default test" finished-at="2024-05-23T10:39:35 IST" duration-ms="21147">
      <class name="webElements.TextBox_Register">
        <test-method is-config="true" signature="beforeSuite()[pri:0, instance:webElements.TextBox_Register@33065d67]" started-at="2024-05-23T10:39:13 IST" name="beforeSuite" finished-at="2024-05-23T10:39:13 IST" duration-ms="20" status="PASS">
          <reporter-output>
          </reporter-output>
        </test-method> <!-- beforeSuite -->
        <test-method is-config="true" signature="beforeTest()[pri:0, instance:webElements.TextBox_Register@33065d67]" started-at="2024-05-23T10:39:13 IST" name="beforeTest" finished-at="2024-05-23T10:39:13 IST" duration-ms="1" status="PASS">
          <reporter-output>
          </reporter-output>
        </test-method> <!-- beforeTest -->
        <test-method is-config="true" signature="login()[pri:0, instance:webElements.TextBox_Register@33065d67]" started-at="2024-05-23T10:39:14 IST" name="login" finished-at="2024-05-23T10:39:23 IST" duration-ms="9244" status="PASS">
          <reporter-output>
          </reporter-output>
        </test-method> <!-- login -->
        <test-method is-config="true" signature="beforeMethod()[pri:0, instance:webElements.TextBox_Register@33065d67]" started-at="2024-05-23T10:39:23 IST" name="beforeMethod" finished-at="2024-05-23T10:39:23 IST" duration-ms="152" status="PASS">
          <reporter-output>
          </reporter-output>
        </test-method> <!-- beforeMethod -->
        <test-method signature="register()[pri:0, instance:webElements.TextBox_Register@33065d67]" started-at="2024-05-23T10:39:23 IST" name="register" finished-at="2024-05-23T10:39:29 IST" duration-ms="6515" status="PASS">
          <reporter-output>
          </reporter-output>
        </test-method> <!-- register -->
        <test-method is-config="true" signature="afterMethod()[pri:0, instance:webElements.TextBox_Register@33065d67]" started-at="2024-05-23T10:39:29 IST" name="afterMethod" finished-at="2024-05-23T10:39:29 IST" duration-ms="0" status="PASS">
          <reporter-output>
          </reporter-output>
        </test-method> <!-- afterMethod -->
        <test-method is-config="true" signature="afterClass()[pri:0, instance:webElements.TextBox_Register@33065d67]" started-at="2024-05-23T10:39:29 IST" name="afterClass" finished-at="2024-05-23T10:39:35 IST" duration-ms="5181" status="PASS">
          <reporter-output>
          </reporter-output>
        </test-method> <!-- afterClass -->
        <test-method is-config="true" signature="afterTest()[pri:0, instance:webElements.TextBox_Register@33065d67]" started-at="2024-05-23T10:39:35 IST" name="afterTest" finished-at="2024-05-23T10:39:35 IST" duration-ms="1" status="PASS">
          <reporter-output>
          </reporter-output>
        </test-method> <!-- afterTest -->
        <test-method is-config="true" signature="afterSuit()[pri:0, instance:webElements.TextBox_Register@33065d67]" started-at="2024-05-23T10:39:35 IST" name="afterSuit" finished-at="2024-05-23T10:39:35 IST" duration-ms="1" status="PASS">
          <reporter-output>
          </reporter-output>
        </test-method> <!-- afterSuit -->
      </class> <!-- webElements.TextBox_Register -->
    </test> <!-- Default test -->
  </suite> <!-- Default suite -->
</testng-results>
